-------------------------------------------------------------------------------
Test set: com.yourcompany.parallel.CommentText_scenario002_run002_IT
-------------------------------------------------------------------------------
Tests run: 5, Failures: 0, Errors: 2, Skipped: 3, Time elapsed: 1.059 s <<< FAILURE! - in com.yourcompany.parallel.CommentText_scenario002_run002_IT
Scenario: Can submit comment 2  Time elapsed: 0.035 s  <<< ERROR!
java.lang.NullPointerException: Name is null

Scenario: Can submit comment 2  Time elapsed: 0.043 s  <<< ERROR!
java.lang.NullPointerException

