-------------------------------------------------------------------------------
Test set: com.yourcompany.parallel.FollowLink_scenario002_run002_IT
-------------------------------------------------------------------------------
Tests run: 5, Failures: 0, Errors: 2, Skipped: 3, Time elapsed: 1.045 s <<< FAILURE! - in com.yourcompany.parallel.FollowLink_scenario002_run002_IT
Scenario: Can follow link to another page 2  Time elapsed: 0.024 s  <<< ERROR!
java.lang.NullPointerException: Name is null

Scenario: Can follow link to another page 2  Time elapsed: 0.032 s  <<< ERROR!
java.lang.NullPointerException

