-------------------------------------------------------------------------------
Test set: com.yourcompany.parallel.CommentText_scenario001_run002_IT
-------------------------------------------------------------------------------
Tests run: 5, Failures: 0, Errors: 2, Skipped: 3, Time elapsed: 1.193 s <<< FAILURE! - in com.yourcompany.parallel.CommentText_scenario001_run002_IT
Scenario: Can submit comment  Time elapsed: 0.03 s  <<< ERROR!
java.lang.NullPointerException: Name is null

Scenario: Can submit comment  Time elapsed: 0.037 s  <<< ERROR!
java.lang.NullPointerException

